<?xml version="1.0" encoding="UTF-8"?>
<!-- Generated by org.testng.reporters.JUnitXMLReporter -->
<testsuite ignored="0" hostname="PIL-L-O-22-031" failures="0" tests="27" name="Default test" time="0.139" errors="0" timestamp="2022-07-22T11:50:04 IST">
  <testcase classname="CommonFunctions.CommonFunctions" name="@BeforeSuite launchBrowser" time="4.806">
    <failure type="org.openqa.selenium.WebDriverException" message="unknown error: cannot determine loading status
from disconnected: received Inspector.detached event
  (Session info: chrome=103.0.5060.134)
Build info: version: &amp;apos;3.141.59&amp;apos;, revision: &amp;apos;e82be7d358&amp;apos;, time: &amp;apos;2018-11-14T08:17:03&amp;apos;
System info: host: &amp;apos;PIL-L-O-22-031&amp;apos;, ip: &amp;apos;10.0.1.19&amp;apos;, os.name: &amp;apos;Windows 10&amp;apos;, os.arch: &amp;apos;amd64&amp;apos;, os.version: &amp;apos;10.0&amp;apos;, java.version: &amp;apos;16.0.1&amp;apos;
Driver info: org.openqa.selenium.chrome.ChromeDriver
Capabilities {acceptInsecureCerts: false, browserName: chrome, browserVersion: 103.0.5060.134, chrome: {chromedriverVersion: 102.0.5005.61 (0e59bcc00cc4..., userDataDir: C:\Users\rajeev_m\AppData\L...}, goog:chromeOptions: {debuggerAddress: localhost:57855}, javascriptEnabled: true, networkConnectionEnabled: false, pageLoadStrategy: normal, platform: WINDOWS, platformName: WINDOWS, proxy: Proxy(), setWindowRect: true, strictFileInteractability: false, timeouts: {implicit: 0, pageLoad: 300000, script: 30000}, unhandledPromptBehavior: dismiss and notify, webauthn:extension:credBlob: true, webauthn:extension:largeBlob: true, webauthn:virtualAuthenticators: true}
Session ID: a3fda13784b5e2a011eb6199c52fc55c">
      <![CDATA[org.openqa.selenium.WebDriverException: unknown error: cannot determine loading status
from disconnected: received Inspector.detached event
  (Session info: chrome=103.0.5060.134)
Build info: version: '3.141.59', revision: 'e82be7d358', time: '2018-11-14T08:17:03'
System info: host: 'PIL-L-O-22-031', ip: '10.0.1.19', os.name: 'Windows 10', os.arch: 'amd64', os.version: '10.0', java.version: '16.0.1'
Driver info: org.openqa.selenium.chrome.ChromeDriver
Capabilities {acceptInsecureCerts: false, browserName: chrome, browserVersion: 103.0.5060.134, chrome: {chromedriverVersion: 102.0.5005.61 (0e59bcc00cc4..., userDataDir: C:\Users\rajeev_m\AppData\L...}, goog:chromeOptions: {debuggerAddress: localhost:57855}, javascriptEnabled: true, networkConnectionEnabled: false, pageLoadStrategy: normal, platform: WINDOWS, platformName: WINDOWS, proxy: Proxy(), setWindowRect: true, strictFileInteractability: false, timeouts: {implicit: 0, pageLoad: 300000, script: 30000}, unhandledPromptBehavior: dismiss and notify, webauthn:extension:credBlob: true, webauthn:extension:largeBlob: true, webauthn:virtualAuthenticators: true}
Session ID: a3fda13784b5e2a011eb6199c52fc55c
at java.base/jdk.internal.reflect.NativeConstructorAccessorImpl.newInstance0(Native Method)
at java.base/jdk.internal.reflect.NativeConstructorAccessorImpl.newInstance(NativeConstructorAccessorImpl.java:78)
at java.base/jdk.internal.reflect.DelegatingConstructorAccessorImpl.newInstance(DelegatingConstructorAccessorImpl.java:45)
at java.base/java.lang.reflect.Constructor.newInstanceWithCaller(Constructor.java:499)
at java.base/java.lang.reflect.Constructor.newInstance(Constructor.java:480)
at org.openqa.selenium.remote.http.W3CHttpResponseCodec.createException(W3CHttpResponseCodec.java:187)
at org.openqa.selenium.remote.http.W3CHttpResponseCodec.decode(W3CHttpResponseCodec.java:122)
at org.openqa.selenium.remote.http.W3CHttpResponseCodec.decode(W3CHttpResponseCodec.java:49)
at org.openqa.selenium.remote.HttpCommandExecutor.execute(HttpCommandExecutor.java:158)
at org.openqa.selenium.remote.service.DriverCommandExecutor.execute(DriverCommandExecutor.java:83)
at org.openqa.selenium.remote.RemoteWebDriver.execute(RemoteWebDriver.java:552)
at org.openqa.selenium.remote.RemoteWebDriver.get(RemoteWebDriver.java:277)
at CommonFunctions.CommonFunctions.launchBrowser(CommonFunctions.java:89)
at java.base/jdk.internal.reflect.NativeMethodAccessorImpl.invoke0(Native Method)
at java.base/jdk.internal.reflect.NativeMethodAccessorImpl.invoke(NativeMethodAccessorImpl.java:78)
at java.base/jdk.internal.reflect.DelegatingMethodAccessorImpl.invoke(DelegatingMethodAccessorImpl.java:43)
at java.base/java.lang.reflect.Method.invoke(Method.java:567)
at org.testng.internal.MethodInvocationHelper.invokeMethod(MethodInvocationHelper.java:133)
at org.testng.internal.MethodInvocationHelper.invokeMethodConsideringTimeout(MethodInvocationHelper.java:62)
at org.testng.internal.ConfigInvoker.invokeConfigurationMethod(ConfigInvoker.java:385)
at org.testng.internal.ConfigInvoker.invokeConfigurations(ConfigInvoker.java:321)
at org.testng.SuiteRunner.privateRun(SuiteRunner.java:317)
at org.testng.SuiteRunner.run(SuiteRunner.java:276)
at org.testng.SuiteRunnerWorker.runSuite(SuiteRunnerWorker.java:53)
at org.testng.SuiteRunnerWorker.run(SuiteRunnerWorker.java:96)
at org.testng.TestNG.runSuitesSequentially(TestNG.java:1212)
at org.testng.TestNG.runSuitesLocally(TestNG.java:1134)
at org.testng.TestNG.runSuites(TestNG.java:1063)
at org.testng.TestNG.run(TestNG.java:1031)
at org.testng.remote.AbstractRemoteTestNG.run(AbstractRemoteTestNG.java:115)
at org.testng.remote.RemoteTestNG.initAndRun(RemoteTestNG.java:251)
at org.testng.remote.RemoteTestNG.main(RemoteTestNG.java:77)
]]>
    </failure>
  </testcase> <!-- @BeforeSuite launchBrowser -->
  <testcase classname="testCases.AdminRole_Dashboard" name="AdminPageLanding" time="0.0">
    <skipped/>
  </testcase> <!-- AdminPageLanding -->
  <testcase classname="testCases.AdminRole_Dashboard" name="VerifyDashboardpage" time="0.0">
    <skipped/>
  </testcase> <!-- VerifyDashboardpage -->
  <testcase classname="testCases.AdminRole_Dashboard" name="VerifyPracticeSchool" time="0.0">
    <skipped/>
  </testcase> <!-- VerifyPracticeSchool -->
  <testcase classname="testCases.AdminRole_Dashboard" name="VerifySemester" time="0.0">
    <skipped/>
  </testcase> <!-- VerifySemester -->
  <testcase classname="testCases.AdminRole_Dashboard" name="VerifyCurrentBatch" time="0.0">
    <skipped/>
  </testcase> <!-- VerifyCurrentBatch -->
  <testcase classname="testCases.AdminRole_Dashboard" name="VerifyTotalStudents" time="0.0">
    <skipped/>
  </testcase> <!-- VerifyTotalStudents -->
  <testcase classname="testCases.AdminRole_Dashboard" name="VerifyAllottedStudents" time="0.0">
    <skipped/>
  </testcase> <!-- VerifyAllottedStudents -->
  <testcase classname="testCases.AdminRole_Dashboard" name="VerifyAllottedOrganizations" time="0.0">
    <skipped/>
  </testcase> <!-- VerifyAllottedOrganizations -->
  <testcase classname="testCases.AdminRole_Dashboard" name="VerifyOrganizationsAnnounced" time="0.0">
    <skipped/>
  </testcase> <!-- VerifyOrganizationsAnnounced -->
  <testcase classname="testCases.AdminRole_Dashboard" name="VerifyCoreDiscipline" time="0.0">
    <skipped/>
  </testcase> <!-- VerifyCoreDiscipline -->
  <testcase classname="testCases.AdminRole_Dashboard" name="VerifyNonCoreDiscipline" time="0.0">
    <skipped/>
  </testcase> <!-- VerifyNonCoreDiscipline -->
  <testcase classname="testCases.AdminRole_Dashboard" name="VerifyTop5Preferences" time="0.0">
    <skipped/>
  </testcase> <!-- VerifyTop5Preferences -->
  <testcase classname="testCases.AdminRole_Dashboard" name="VerifyStationsParticipated" time="0.0">
    <skipped/>
  </testcase> <!-- VerifyStationsParticipated -->
  <testcase classname="testCases.AdminRole_Dashboard" name="VerifyAnnouncedStations" time="0.0">
    <skipped/>
  </testcase> <!-- VerifyAnnouncedStations -->
  <testcase classname="testCases.AdminRole_Dashboard" name="VerifyStationsAllotted" time="0.0">
    <skipped/>
  </testcase> <!-- VerifyStationsAllotted -->
  <testcase classname="testCases.AdminRole_Dashboard" name="VerifyTotalRequirements" time="0.0">
    <skipped/>
  </testcase> <!-- VerifyTotalRequirements -->
  <testcase classname="testCases.AdminRole_Dashboard" name="VerifyTotalAllotted" time="0.0">
    <skipped/>
  </testcase> <!-- VerifyTotalAllotted -->
  <testcase classname="testCases.AdminRole_Dashboard" name="VerifyStipendHighest" time="0.0">
    <skipped/>
  </testcase> <!-- VerifyStipendHighest -->
  <testcase classname="testCases.AdminRole_Dashboard" name="VerifyStipendAverage" time="0.0">
    <skipped/>
  </testcase> <!-- VerifyStipendAverage -->
  <testcase classname="testCases.AdminRole_Dashboard" name="VerifyStipendMedian" time="0.0">
    <skipped/>
  </testcase> <!-- VerifyStipendMedian -->
  <testcase classname="testCases.AdminRole_Dashboard" name="VerifyStipendLowest" time="0.0">
    <skipped/>
  </testcase> <!-- VerifyStipendLowest -->
  <testcase classname="testCases.AdminRole_Dashboard" name="VerifyFacultyTotal" time="0.0">
    <skipped/>
  </testcase> <!-- VerifyFacultyTotal -->
  <testcase classname="testCases.AdminRole_Dashboard" name="VerifyFacultyOnCampus" time="0.0">
    <skipped/>
  </testcase> <!-- VerifyFacultyOnCampus -->
  <testcase classname="testCases.AdminRole_Dashboard" name="VerifyFacultyOffCampus" time="0.0">
    <skipped/>
  </testcase> <!-- VerifyFacultyOffCampus -->
  <testcase classname="testCases.AdminRole_Dashboard" name="VerifyFacultyAllotted" time="0.0">
    <skipped/>
  </testcase> <!-- VerifyFacultyAllotted -->
  <testcase classname="testCases.AdminRole_Dashboard" name="VerifyFacultyAvailable" time="0.0">
    <skipped/>
  </testcase> <!-- VerifyFacultyAvailable -->
  <testcase classname="testCases.AdminRole_Dashboard" name="VerifyAvgStationAllotted" time="0.0">
    <skipped/>
  </testcase> <!-- VerifyAvgStationAllotted -->
</testsuite> <!-- Default test -->
